<?xml version="1.0" encoding="UTF-8"?>
<!-- Generated by org.testng.reporters.JUnitXMLReporter -->
<testsuite hostname="DS-7071BC9E7AC9" name="Default test" tests="3" failures="0" timestamp="10 Nov 2016 05:31:16 GMT" time="34.562" errors="0">
  <testcase name="scrollingToBottomofAPage" time="1.875" classname="com.AdvancedCommands.Selenium._01JavaSciptExecutor_ScrolldownPage"/>
  <testcase name="scrollingToElement" time="7.874" classname="com.AdvancedCommands.Selenium._01JavaSciptExecutor_ScrolldownPage"/>
  <testcase name="scrollOnCoordinates" time="9.706" classname="com.AdvancedCommands.Selenium._01JavaSciptExecutor_ScrolldownPage"/>
</testsuite> <!-- Default test -->
