<?xml version="1.0" encoding="UTF-8"?>
<testng-results skipped="0" failed="0" total="3" passed="3">
  <reporter-output>
  </reporter-output>
  <suite name="Default suite" duration-ms="34562" started-at="2016-11-10T05:30:42Z" finished-at="2016-11-10T05:31:16Z">
    <groups>
    </groups>
    <test name="Default test" duration-ms="34562" started-at="2016-11-10T05:30:42Z" finished-at="2016-11-10T05:31:16Z">
      <class name="com.AdvancedCommands.Selenium._01JavaSciptExecutor_ScrolldownPage">
        <test-method status="PASS" signature="setup()[pri:0, instance:com.AdvancedCommands.Selenium._01JavaSciptExecutor_ScrolldownPage@17fd0e6]" name="setup" is-config="true" duration-ms="15088" started-at="2016-11-10T11:00:42Z" finished-at="2016-11-10T11:00:57Z">
          <reporter-output>
          </reporter-output>
        </test-method> <!-- setup -->
        <test-method status="PASS" signature="scrollingToBottomofAPage()[pri:1, instance:com.AdvancedCommands.Selenium._01JavaSciptExecutor_ScrolldownPage@17fd0e6]" name="scrollingToBottomofAPage" duration-ms="1875" started-at="2016-11-10T11:00:57Z" finished-at="2016-11-10T11:00:59Z">
          <reporter-output>
          </reporter-output>
        </test-method> <!-- scrollingToBottomofAPage -->
        <test-method status="PASS" signature="scrollingToElement()[pri:2, instance:com.AdvancedCommands.Selenium._01JavaSciptExecutor_ScrolldownPage@17fd0e6]" name="scrollingToElement" duration-ms="7874" started-at="2016-11-10T11:00:59Z" finished-at="2016-11-10T11:01:07Z">
          <reporter-output>
          </reporter-output>
        </test-method> <!-- scrollingToElement -->
        <test-method status="PASS" signature="scrollOnCoordinates()[pri:3, instance:com.AdvancedCommands.Selenium._01JavaSciptExecutor_ScrolldownPage@17fd0e6]" name="scrollOnCoordinates" duration-ms="9706" started-at="2016-11-10T11:01:07Z" finished-at="2016-11-10T11:01:16Z">
          <reporter-output>
          </reporter-output>
        </test-method> <!-- scrollOnCoordinates -->
      </class> <!-- com.AdvancedCommands.Selenium._01JavaSciptExecutor_ScrolldownPage -->
    </test> <!-- Default test -->
  </suite> <!-- Default suite -->
</testng-results>
